2026-03-03 14:02:46,789 [INFO] Activator:176 - 


2026-03-03 14:02:46,794 [INFO] Activator:177 - !SESSION log4j initialized
2026-03-03 14:02:51,820 [INFO] LogOutputStream:77 - [STDOUT_REDIRECT] 
2026-03-03 14:02:53,428 [INFO] ApplicationProperties:184 - Using Application install path: C:\ST\STM32CubeIDE_1.19.0\STM32CubeIDE\plugins\com.st.stm32cube.common.mx_6.15.0.202507011659
2026-03-03 14:02:53,444 [INFO] DbMcusXml:78 - Set database path to: C:\ST\STM32CubeIDE_1.19.0\STM32CubeIDE\plugins\com.st.stm32cube.common.mx_6.15.0.202507011659\\db\/mcu/
2026-03-03 14:02:53,444 [INFO] ApiDb:274 - Set plugin database path to: C:\ST\STM32CubeIDE_1.19.0\STM32CubeIDE\plugins\com.st.stm32cube.common.mx_6.15.0.202507011659\\db\/plugins/boardmanager/
2026-03-03 14:02:53,445 [WARN] ApiDb:259 - Overriding images path with different value:  => C:\ST\STM32CubeIDE_1.19.0\STM32CubeIDE\plugins\com.st.stm32cube.common.mx_6.15.0.202507011659\\db\/plugins/mcufinder/images/
2026-03-03 14:02:53,448 [INFO] ApiDb:250 - Set database path to: C:\Users\xiang\.stmcufinder\plugins\mcufinder//mcu/
2026-03-03 14:02:53,448 [INFO] DbMcusAds:125 - Set database path to: C:\Users\xiang\.stmcufinder\plugins\mcufinder//mcu/
2026-03-03 14:02:53,448 [INFO] CrossReferenceDbSqlite:203 - Set database path to: C:\Users\xiang\.stmcufinder\plugins\mcufinder//mcu/cs/
2026-03-03 14:02:53,542 [INFO] RulesReader:64 - Compatibility file has been processed (317 Rules)
2026-03-03 14:02:53,620 [INFO] DbMcusXml:78 - Set database path to: C:\ST\STM32CubeIDE_1.19.0\STM32CubeIDE\plugins\com.st.stm32cube.common.mx_6.15.0.202507011659\\db\/mcu/
2026-03-03 14:02:53,620 [INFO] ApiDb:274 - Set plugin database path to: C:\ST\STM32CubeIDE_1.19.0\STM32CubeIDE\plugins\com.st.stm32cube.common.mx_6.15.0.202507011659\\db\/plugins/boardmanager/
2026-03-03 14:02:53,620 [INFO] ApiDb:261 - Set plugin images path to: C:\ST\STM32CubeIDE_1.19.0\STM32CubeIDE\plugins\com.st.stm32cube.common.mx_6.15.0.202507011659\\db\/plugins/mcufinder/images/
2026-03-03 14:02:53,620 [WARN] DbFile:41 - Overriding database path with different value: C:\Users\xiang\.stmcufinder\plugins\mcufinder/ => C:\Users\xiang\.stmcufinder\plugins\mcufinder
2026-03-03 14:02:53,620 [INFO] ApiDb:250 - Set database path to: C:\Users\xiang\.stmcufinder\plugins\mcufinder//mcu/
2026-03-03 14:02:53,620 [WARN] DbFile:41 - Overriding database path with different value: C:\Users\xiang\.stmcufinder\plugins\mcufinder/ => C:\Users\xiang\.stmcufinder\plugins\mcufinder
2026-03-03 14:02:53,620 [INFO] DbMcusAds:125 - Set database path to: C:\Users\xiang\.stmcufinder\plugins\mcufinder//mcu/
2026-03-03 14:02:53,620 [WARN] DbFile:41 - Overriding database path with different value: C:\Users\xiang\.stmcufinder\plugins\mcufinder/ => C:\Users\xiang\.stmcufinder\plugins\mcufinder
2026-03-03 14:02:53,620 [WARN] DbFile:41 - Overriding database path with different value: C:\Users\xiang\.stmcufinder\plugins\mcufinder/ => C:\Users\xiang\.stmcufinder\plugins\mcufinder
2026-03-03 14:02:53,620 [INFO] CrossReferenceDbSqlite:203 - Set database path to: C:\Users\xiang\.stmcufinder\plugins\mcufinder//mcu/cs/
2026-03-03 14:02:53,693 [INFO] MainPanel:274 - HeapMemory: 268435456
2026-03-03 14:02:53,788 [INFO] DbMcusXml:78 - Set database path to: C:\ST\STM32CubeIDE_1.19.0\STM32CubeIDE\plugins\com.st.stm32cube.common.mx_6.15.0.202507011659\\db\/mcu/
2026-03-03 14:02:53,788 [INFO] ApiDb:274 - Set plugin database path to: C:\ST\STM32CubeIDE_1.19.0\STM32CubeIDE\plugins\com.st.stm32cube.common.mx_6.15.0.202507011659\\db\/plugins/boardmanager/
2026-03-03 14:02:53,788 [INFO] ApiDb:261 - Set plugin images path to: C:\ST\STM32CubeIDE_1.19.0\STM32CubeIDE\plugins\com.st.stm32cube.common.mx_6.15.0.202507011659\\db\/plugins/mcufinder/images/
2026-03-03 14:02:53,788 [WARN] DbFile:41 - Overriding database path with different value: C:\Users\xiang\.stmcufinder\plugins\mcufinder/ => C:\Users\xiang\.stmcufinder\plugins\mcufinder
2026-03-03 14:02:53,788 [INFO] ApiDb:250 - Set database path to: C:\Users\xiang\.stmcufinder\plugins\mcufinder//mcu/
2026-03-03 14:02:53,788 [WARN] DbFile:41 - Overriding database path with different value: C:\Users\xiang\.stmcufinder\plugins\mcufinder/ => C:\Users\xiang\.stmcufinder\plugins\mcufinder
2026-03-03 14:02:53,788 [INFO] DbMcusAds:125 - Set database path to: C:\Users\xiang\.stmcufinder\plugins\mcufinder//mcu/
2026-03-03 14:02:53,788 [WARN] DbFile:41 - Overriding database path with different value: C:\Users\xiang\.stmcufinder\plugins\mcufinder/ => C:\Users\xiang\.stmcufinder\plugins\mcufinder
2026-03-03 14:02:53,788 [WARN] DbFile:41 - Overriding database path with different value: C:\Users\xiang\.stmcufinder\plugins\mcufinder/ => C:\Users\xiang\.stmcufinder\plugins\mcufinder
2026-03-03 14:02:53,789 [INFO] CrossReferenceDbSqlite:203 - Set database path to: C:\Users\xiang\.stmcufinder\plugins\mcufinder//mcu/cs/
2026-03-03 14:02:53,798 [INFO] ApplicationProperties:184 - Using Application install path: C:\ST\STM32CubeIDE_1.19.0\STM32CubeIDE\plugins\com.st.stm32cube.common.mx_6.15.0.202507011659
2026-03-03 14:02:53,798 [INFO] PluginManage:196 - Search for loadable plugins [exclusion list=, ]
2026-03-03 14:02:53,798 [INFO] PluginManage:310 - Check plugin analytics
2026-03-03 14:02:53,988 [INFO] AnalyticsPlugin:253 - Accepted Software Licenses: 
2026-03-03 14:02:53,988 [INFO] AnalyticsPlugin:255 - Accepted CMSIS Pack Licenses: 
2026-03-03 14:02:53,988 [INFO] AnalyticsPlugin:257 - Accepted Firmware Licenses: 
2026-03-03 14:02:53,994 [INFO] PluginManage:359 - Loaded plugin analytics (category:tool,tabindex:-1)
2026-03-03 14:02:53,994 [INFO] PluginManage:310 - Check plugin cadmodel
2026-03-03 14:02:53,998 [INFO] CADModel:105 - Init CAD model plugin
2026-03-03 14:02:53,998 [INFO] PluginManage:359 - Loaded plugin cadmodel (category:power,tabindex:5)
2026-03-03 14:02:53,998 [INFO] PluginManage:310 - Check plugin clock
2026-03-03 14:02:54,014 [INFO] PluginManage:359 - Loaded plugin clock (category:base,tabindex:2)
2026-03-03 14:02:54,014 [INFO] PluginManage:310 - Check plugin ddr
2026-03-03 14:02:54,016 [INFO] PluginManage:359 - Loaded plugin ddr (category:tool,tabindex:6)
2026-03-03 14:02:54,016 [INFO] PluginManage:310 - Check plugin filemanager
2026-03-03 14:02:54,153 [INFO] PluginManage:359 - Loaded plugin filemanager (category:base,tabindex:10)
2026-03-03 14:02:54,153 [INFO] PluginManage:310 - Check plugin ipmanager
2026-03-03 14:02:54,160 [INFO] PluginManage:359 - Loaded plugin ipmanager (category:base,tabindex:5)
2026-03-03 14:02:54,160 [INFO] PluginManage:310 - Check plugin lpbam
2026-03-03 14:02:54,169 [INFO] PluginManage:359 - Loaded plugin lpbam (category:base,tabindex:0)
2026-03-03 14:02:54,169 [INFO] PluginManage:310 - Check plugin memorymap
2026-03-03 14:02:54,181 [INFO] PluginManage:359 - Loaded plugin memorymap (category:base,tabindex:4)
2026-03-03 14:02:54,181 [INFO] PluginManage:310 - Check plugin pinoutandconfiguration
2026-03-03 14:02:54,186 [INFO] PluginManage:359 - Loaded plugin pinoutandconfiguration (category:base,tabindex:1)
2026-03-03 14:02:54,186 [INFO] PluginManage:310 - Check plugin pinoutconfig
2026-03-03 14:02:54,270 [WARN] SupportedApi:132 - Cannot load RTOS API schema: s4s-elt-must-match.1: The content of 'definitions' must match (annotation?, (simpleType | complexType)?, (unique | key | keyref)*)). A problem was found starting at: attribute.
2026-03-03 14:02:54,386 [INFO] PluginManage:359 - Loaded plugin pinoutconfig (category:base,tabindex:0)
2026-03-03 14:02:54,388 [INFO] PluginManage:310 - Check plugin power
2026-03-03 14:02:54,397 [INFO] PluginManage:359 - Loaded plugin power (category:power,tabindex:4)
2026-03-03 14:02:54,398 [INFO] PluginManage:310 - Check plugin projectmanager
2026-03-03 14:02:54,410 [INFO] PluginManage:359 - Loaded plugin projectmanager (category:projectmanager,tabindex:4)
2026-03-03 14:02:54,410 [INFO] PluginManage:310 - Check plugin rif
2026-03-03 14:02:54,420 [INFO] PluginManage:359 - Loaded plugin rif (category:base,tabindex:3)
2026-03-03 14:02:54,420 [INFO] PluginManage:310 - Check plugin thirdparty
2026-03-03 14:02:54,531 [INFO] PluginManage:359 - Loaded plugin thirdparty (category:base,tabindex:-1)
2026-03-03 14:02:54,531 [WARN] IntegrityCheckThread:84 - waiting for thirdparty lock release [integrity check]
2026-03-03 14:02:54,531 [INFO] PluginManage:310 - Check plugin tools
2026-03-03 14:02:54,531 [INFO] IntegrityCheckThread:86 - entering critical section [integrity check]
2026-03-03 14:02:54,531 [INFO] ThirdPartyUpdaterWithRetryManager:70 - Updater plugin not ready yet. [1/15]
2026-03-03 14:02:54,536 [INFO] PluginManage:359 - Loaded plugin tools (category:base,tabindex:7)
2026-03-03 14:02:54,536 [INFO] PluginManage:310 - Check plugin tutovideos
2026-03-03 14:02:54,722 [INFO] PluginManage:359 - Loaded plugin tutovideos (category:base,tabindex:-1)
2026-03-03 14:02:54,722 [INFO] PluginManage:310 - Check plugin updater
2026-03-03 14:02:54,739 [INFO] PluginManage:359 - Loaded plugin updater (category:base,tabindex:12)
2026-03-03 14:02:54,739 [INFO] PluginManage:310 - Check plugin userauth
2026-03-03 14:02:54,743 [INFO] UserAuth:118 - Init User Auth plugin
2026-03-03 14:02:54,743 [INFO] PluginManage:359 - Loaded plugin userauth (category:base,tabindex:14)
2026-03-03 14:02:54,746 [INFO] PluginManage:283 - PluginManage : Loaded plugins [18]
2026-03-03 14:02:54,916 [INFO] PinOutPanel:1589 - setPackage(No Configuration,No Configuration)
2026-03-03 14:02:54,986 [INFO] CADModel:165 - CPN selected for project level
2026-03-03 14:02:54,986 [INFO] CADModel:114 - Register for checkConnection events
2026-03-03 14:02:54,998 [INFO] IPUIPlugin:80 - create IPUIPlugin
2026-03-03 14:02:54,998 [INFO] PluginManager:220 - loadIPPluginJar : add adc
2026-03-03 14:02:54,998 [INFO] IPUIPlugin:80 - create IPUIPlugin
2026-03-03 14:02:54,998 [INFO] PluginManager:220 - loadIPPluginJar : add aes
2026-03-03 14:02:54,998 [INFO] IPUIPlugin:80 - create IPUIPlugin
2026-03-03 14:02:54,998 [INFO] PluginManager:220 - loadIPPluginJar : add can
2026-03-03 14:02:55,009 [INFO] IPUIPlugin:80 - create IPUIPlugin
2026-03-03 14:02:55,009 [INFO] PluginManager:220 - loadIPPluginJar : add comp
2026-03-03 14:02:55,010 [INFO] IPUIPlugin:80 - create IPUIPlugin
2026-03-03 14:02:55,010 [INFO] PluginManager:220 - loadIPPluginJar : add cryp
2026-03-03 14:02:55,014 [INFO] IPUIPlugin:80 - create IPUIPlugin
2026-03-03 14:02:55,014 [INFO] PluginManager:220 - loadIPPluginJar : add ddr_ctrl_phy
2026-03-03 14:02:55,016 [INFO] IPUIPlugin:80 - create IPUIPlugin
2026-03-03 14:02:55,016 [INFO] PluginManager:220 - loadIPPluginJar : add dfsdm
2026-03-03 14:02:55,020 [INFO] IPUIPlugin:80 - create IPUIPlugin
2026-03-03 14:02:55,020 [INFO] PluginManager:220 - loadIPPluginJar : add dma
2026-03-03 14:02:55,023 [INFO] IPUIPlugin:80 - create IPUIPlugin
2026-03-03 14:02:55,023 [INFO] PluginManager:220 - loadIPPluginJar : add dma3
2026-03-03 14:02:55,023 [INFO] IPUIPlugin:80 - create IPUIPlugin
2026-03-03 14:02:55,023 [INFO] PluginManager:220 - loadIPPluginJar : add extmemmanager
2026-03-03 14:02:55,027 [INFO] IPUIPlugin:80 - create IPUIPlugin
2026-03-03 14:02:55,027 [INFO] PluginManager:220 - loadIPPluginJar : add fatfs
2026-03-03 14:02:55,027 [INFO] IPUIPlugin:80 - create IPUIPlugin
2026-03-03 14:02:55,027 [INFO] PluginManager:220 - loadIPPluginJar : add fmc
2026-03-03 14:02:55,037 [INFO] IPUIPlugin:80 - create IPUIPlugin
2026-03-03 14:02:55,037 [INFO] PluginManager:220 - loadIPPluginJar : add freertos
2026-03-03 14:02:55,040 [INFO] IPUIPlugin:80 - create IPUIPlugin
2026-03-03 14:02:55,041 [INFO] PluginManager:220 - loadIPPluginJar : add genericplugin
2026-03-03 14:02:55,042 [INFO] IPUIPlugin:80 - create IPUIPlugin
2026-03-03 14:02:55,042 [INFO] PluginManager:220 - loadIPPluginJar : add gfxmmu
2026-03-03 14:02:55,046 [INFO] IPUIPlugin:80 - create IPUIPlugin
2026-03-03 14:02:55,046 [INFO] PluginManager:220 - loadIPPluginJar : add gic
2026-03-03 14:02:55,050 [INFO] IPUIPlugin:80 - create IPUIPlugin
2026-03-03 14:02:55,050 [INFO] PluginManager:220 - loadIPPluginJar : add gpio
2026-03-03 14:02:55,050 [INFO] IPUIPlugin:80 - create IPUIPlugin
2026-03-03 14:02:55,050 [INFO] PluginManager:220 - loadIPPluginJar : add gtzc
2026-03-03 14:02:55,050 [INFO] IPUIPlugin:80 - create IPUIPlugin
2026-03-03 14:02:55,050 [INFO] PluginManager:220 - loadIPPluginJar : add hash
2026-03-03 14:02:55,050 [INFO] IPUIPlugin:80 - create IPUIPlugin
2026-03-03 14:02:55,050 [INFO] PluginManager:220 - loadIPPluginJar : add i2c
2026-03-03 14:02:55,057 [INFO] IPUIPlugin:80 - create IPUIPlugin
2026-03-03 14:02:55,057 [INFO] PluginManager:220 - loadIPPluginJar : add i2s
2026-03-03 14:02:55,060 [INFO] IPUIPlugin:80 - create IPUIPlugin
2026-03-03 14:02:55,060 [INFO] PluginManager:220 - loadIPPluginJar : add i3c
2026-03-03 14:02:55,064 [INFO] IPUIPlugin:80 - create IPUIPlugin
2026-03-03 14:02:55,064 [INFO] PluginManager:220 - loadIPPluginJar : add ipddr
2026-03-03 14:02:55,068 [INFO] IPUIPlugin:80 - create IPUIPlugin
2026-03-03 14:02:55,068 [INFO] PluginManager:220 - loadIPPluginJar : add linkedlist
2026-03-03 14:02:55,070 [INFO] IPUIPlugin:80 - create IPUIPlugin
2026-03-03 14:02:55,070 [INFO] PluginManager:220 - loadIPPluginJar : add lorawan
2026-03-03 14:02:55,071 [INFO] IPUIPlugin:80 - create IPUIPlugin
2026-03-03 14:02:55,071 [INFO] PluginManager:220 - loadIPPluginJar : add ltdc
2026-03-03 14:02:55,077 [INFO] IPUIPlugin:80 - create IPUIPlugin
2026-03-03 14:02:55,077 [INFO] PluginManager:220 - loadIPPluginJar : add mdma
2026-03-03 14:02:55,077 [INFO] IPUIPlugin:80 - create IPUIPlugin
2026-03-03 14:02:55,077 [INFO] PluginManager:220 - loadIPPluginJar : add nvic
2026-03-03 14:02:55,081 [INFO] IPUIPlugin:80 - create IPUIPlugin
2026-03-03 14:02:55,081 [INFO] PluginManager:220 - loadIPPluginJar : add opamp
2026-03-03 14:02:55,081 [INFO] IPUIPlugin:80 - create IPUIPlugin
2026-03-03 14:02:55,081 [INFO] PluginManager:220 - loadIPPluginJar : add openamp
2026-03-03 14:02:55,087 [INFO] IPUIPlugin:80 - create IPUIPlugin
2026-03-03 14:02:55,087 [INFO] PluginManager:220 - loadIPPluginJar : add pdm2pcm
2026-03-03 14:02:55,092 [INFO] IPUIPlugin:80 - create IPUIPlugin
2026-03-03 14:02:55,093 [INFO] PluginManager:220 - loadIPPluginJar : add plateformsettings
2026-03-03 14:02:55,093 [INFO] IPUIPlugin:80 - create IPUIPlugin
2026-03-03 14:02:55,093 [INFO] PluginManager:220 - loadIPPluginJar : add quadspi
2026-03-03 14:02:55,098 [INFO] IPUIPlugin:80 - create IPUIPlugin
2026-03-03 14:02:55,098 [INFO] PluginManager:220 - loadIPPluginJar : add radio
2026-03-03 14:02:55,098 [INFO] IPUIPlugin:80 - create IPUIPlugin
2026-03-03 14:02:55,098 [INFO] PluginManager:220 - loadIPPluginJar : add resmgrutility
2026-03-03 14:02:55,098 [INFO] IPUIPlugin:80 - create IPUIPlugin
2026-03-03 14:02:55,098 [INFO] PluginManager:220 - loadIPPluginJar : add sai
2026-03-03 14:02:55,098 [INFO] IPUIPlugin:80 - create IPUIPlugin
2026-03-03 14:02:55,098 [INFO] PluginManager:220 - loadIPPluginJar : add spi
2026-03-03 14:02:55,110 [INFO] IPUIPlugin:80 - create IPUIPlugin
2026-03-03 14:02:55,110 [INFO] PluginManager:220 - loadIPPluginJar : add stm32_wpan
2026-03-03 14:02:55,114 [INFO] IPUIPlugin:80 - create IPUIPlugin
2026-03-03 14:02:55,114 [INFO] PluginManager:220 - loadIPPluginJar : add tim
2026-03-03 14:02:55,116 [INFO] IPUIPlugin:80 - create IPUIPlugin
2026-03-03 14:02:55,116 [INFO] PluginManager:220 - loadIPPluginJar : add touchsensing
2026-03-03 14:02:55,119 [INFO] IPUIPlugin:80 - create IPUIPlugin
2026-03-03 14:02:55,119 [INFO] PluginManager:220 - loadIPPluginJar : add tracer_emb
2026-03-03 14:02:55,120 [INFO] IPUIPlugin:80 - create IPUIPlugin
2026-03-03 14:02:55,120 [INFO] PluginManager:220 - loadIPPluginJar : add ts
2026-03-03 14:02:55,123 [INFO] IPUIPlugin:80 - create IPUIPlugin
2026-03-03 14:02:55,123 [INFO] PluginManager:220 - loadIPPluginJar : add tsc
2026-03-03 14:02:55,125 [INFO] IPUIPlugin:80 - create IPUIPlugin
2026-03-03 14:02:55,125 [INFO] PluginManager:220 - loadIPPluginJar : add ucpd
2026-03-03 14:02:55,127 [INFO] IPUIPlugin:80 - create IPUIPlugin
2026-03-03 14:02:55,127 [INFO] PluginManager:220 - loadIPPluginJar : add usart
2026-03-03 14:02:55,132 [INFO] IPUIPlugin:80 - create IPUIPlugin
2026-03-03 14:02:55,132 [INFO] PluginManager:220 - loadIPPluginJar : add usbx
2026-03-03 14:02:55,266 [FATAL] Updater:351 - Updater called before beeing initialized
2026-03-03 14:02:55,292 [INFO] RulesReader:64 - Compatibility file has been processed (317 Rules)
2026-03-03 14:02:55,298 [INFO] RulesReader:64 - Compatibility file has been processed (317 Rules)
2026-03-03 14:02:55,310 [INFO] CADModel:165 - CPN selected for project level
2026-03-03 14:02:55,310 [INFO] CADModel:114 - Register for checkConnection events
2026-03-03 14:02:55,310 [FATAL] Updater:351 - Updater called before beeing initialized
2026-03-03 14:02:55,310 [ERROR] CADModel:125 - Updater not yet initialized, retry later 
2026-03-03 14:02:55,482 [FATAL] Updater:351 - Updater called before beeing initialized
2026-03-03 14:02:55,482 [INFO] CADModel:165 - CPN selected for project level
2026-03-03 14:02:55,482 [INFO] CADModel:114 - Register for checkConnection events
2026-03-03 14:02:55,482 [FATAL] Updater:351 - Updater called before beeing initialized
2026-03-03 14:02:55,486 [ERROR] CADModel:125 - Updater not yet initialized, retry later 
2026-03-03 14:02:55,486 [FATAL] Updater:351 - Updater called before beeing initialized
2026-03-03 14:02:55,577 [FATAL] Updater:351 - Updater called before beeing initialized
2026-03-03 14:02:55,580 [INFO] DbMcusAds:53 - JSON generation date=Thu Sep 30 14:55:09 SGT 2021 (1632984909247)
2026-03-03 14:02:55,580 [FATAL] Updater:351 - Updater called before beeing initialized
2026-03-03 14:02:55,610 [WARN] DetailPanel:346 - Failed to get advertising image, set to default
2026-03-03 14:02:55,692 [FATAL] Updater:351 - Updater called before beeing initialized
2026-03-03 14:02:55,696 [FATAL] Updater:351 - Updater called before beeing initialized
2026-03-03 14:02:55,696 [FATAL] Updater:351 - Updater called before beeing initialized
2026-03-03 14:02:55,696 [WARN] DetailPanel:346 - Failed to get advertising image, set to default
2026-03-03 14:02:55,696 [FATAL] Updater:351 - Updater called before beeing initialized
2026-03-03 14:02:55,755 [ERROR] Updater:1198 - MainUpdater not yet initialized. External WinMGr cannot be set.
2026-03-03 14:02:55,758 [INFO] Updater:1134 - Updater Version found : 6.15.0
2026-03-03 14:02:55,773 [INFO] ApplicationProperties:184 - Using Application install path: C:\ST\STM32CubeIDE_1.19.0\STM32CubeIDE\plugins\com.st.stm32cube.common.mx_6.15.0.202507011659
2026-03-03 14:02:56,069 [INFO] MainUpdater:2872 - connection check result : 10
2026-03-03 14:02:56,069 [INFO] MainUpdater:3604 - Updater definition file requires update
2026-03-03 14:02:56,070 [INFO] MainUpdater:289 - Updater Check For Update Now.
2026-03-03 14:02:56,070 [INFO] MicroXplorer:498 - Change Database Version : DB.6.0.150
2026-03-03 14:02:56,074 [INFO] McuFinderGlobals:63 - Set McuFinder mode to 2 (CubeIDE integrated)
2026-03-03 14:02:56,074 [INFO] UserAuth:171 - activating auth plugin
2026-03-03 14:02:56,077 [INFO] ServerAccessManage:452 - Complete download http(s) 200
2026-03-03 14:02:56,077 [INFO] ServerAccessManage:509 - Download File updaters.zip
2026-03-03 14:02:56,077 [INFO] UserAuth:487 - Internet connection configuration mode: 1
2026-03-03 14:02:56,098 [INFO] JxBrowserEngine:152 - Initiate JxBrowser Engine with user profile folder
2026-03-03 14:02:56,131 [INFO] FileExtend:248 - Unzip File : updaters.zip
2026-03-03 14:02:56,131 [INFO] FileExtend:263 - Standard Zip Deflate
2026-03-03 14:02:56,431 [INFO] ServerAccessManage:452 - Complete download http(s) 200
2026-03-03 14:02:56,431 [INFO] ServerAccessManage:509 - Download File PacksControlFlags.xml
2026-03-03 14:02:56,470 [INFO] ServerAccessManage:452 - Complete download http(s) 200
2026-03-03 14:02:56,470 [INFO] ServerAccessManage:509 - Download File cubemx.pidx
2026-03-03 14:02:56,928 [INFO] ServerAccessManage:452 - Complete download http(s) 200
2026-03-03 14:02:56,928 [INFO] ServerAccessManage:509 - Download File STMicroelectronics.X-CUBE-FREERTOS.pdsc
2026-03-03 14:02:57,288 [INFO] ServerAccessManage:452 - Complete download http(s) 200
2026-03-03 14:02:57,288 [INFO] ServerAccessManage:509 - Download File STMicroelectronics.X-CUBE-TOUCHGFX.pdsc
2026-03-03 14:02:57,536 [WARN] MainUpdater:1193 - Updater busy. Cannot search thirdparties
2026-03-03 14:02:57,537 [INFO] ThirdPartyUpdaterWithRetryManager:96 - Updater plugin is busy. [1/15]
2026-03-03 14:02:57,586 [INFO] ServerAccessManage:452 - Complete download http(s) 200
2026-03-03 14:02:57,586 [INFO] ServerAccessManage:509 - Download File STMicroelectronics.X-CUBE-AZRTOS-H7.pdsc
2026-03-03 14:02:57,900 [INFO] WebApp:169 - Instantiating new browser for Auth
2026-03-03 14:02:58,327 [WARN] PackLoader:240 - Cannot read IP mode file for STMicroelectronics.X-CUBE-FREERTOS.1.5.0
2026-03-03 14:02:58,338 [WARN] PackLoader:240 - Cannot read IP mode file for STMicroelectronics.X-CUBE-TOUCHGFX.4.26.1
2026-03-03 14:02:58,366 [WARN] PackLoader:240 - Cannot read IP mode file for STMicroelectronics.X-CUBE-AZRTOS-H7.3.5.0
2026-03-03 14:02:58,370 [INFO] PopulateThirdPartyThread:66 - Ending populate Thread
2026-03-03 14:02:58,372 [INFO] ThirdParty:1030 - CMSIS Pack Vendor :STMicroelectronics X-CUBE-FREERTOS 1.5.0
2026-03-03 14:02:58,372 [INFO] ThirdParty:1030 - CMSIS Pack Vendor :STMicroelectronics X-CUBE-AZRTOS-H7 3.5.0
2026-03-03 14:02:58,372 [INFO] ThirdParty:1030 - CMSIS Pack Vendor :STMicroelectronics X-CUBE-TOUCHGFX 4.26.1
2026-03-03 14:02:58,372 [INFO] LoadServerUpdatesThread:375 - End of LoadServerUpdate Thread
2026-03-03 14:02:58,419 [INFO] CheckServerUpdateThread:120 - End of CheckServer Thread
2026-03-03 14:02:58,880 [INFO] WebApp:463 - Apply proxy settings
2026-03-03 14:02:58,880 [INFO] WebApp:548 - Chromium requires no authentication
2026-03-03 14:02:58,911 [INFO] WebApp:491 - Direct internet connection detected
2026-03-03 14:02:58,940 [INFO] WebApp:900 - Register for checkConnection events
2026-03-03 14:02:58,940 [INFO] WebApp:463 - Apply proxy settings
2026-03-03 14:02:58,940 [INFO] WebApp:548 - Chromium requires no authentication
2026-03-03 14:02:58,940 [INFO] WebApp:491 - Direct internet connection detected
2026-03-03 14:02:59,033 [INFO] WebApp:191 - Connection restablished
2026-03-03 14:02:59,101 [INFO] WebApp:225 - Starting web application
2026-03-03 14:02:59,101 [INFO] WebApp:593 - Web application path used C:\ST\STM32CubeIDE_1.19.0\STM32CubeIDE\plugins\com.st.stm32cube.common.mx_6.15.0.202507011659\db\plugins\mcufinder\reactClient1\index.html
2026-03-03 14:02:59,250 [ERROR] LogOutputStream:75 - [STDERR_REDIRECT] [Fatal Error] :1:1: Premature end of file.
2026-03-03 14:02:59,250 [ERROR] LogOutputStream:75 - [STDERR_REDIRECT] 
2026-03-03 14:03:00,240 [ERROR] LogOutputStream:75 - [STDERR_REDIRECT] [Fatal Error] :1:1: Premature end of file.
2026-03-03 14:03:00,240 [ERROR] LogOutputStream:75 - [STDERR_REDIRECT] 
2026-03-03 14:03:00,761 [WARN] PackLoader:240 - Cannot read IP mode file for STMicroelectronics.X-CUBE-AZRTOS-H7.3.5.0
2026-03-03 14:03:00,794 [WARN] PackLoader:240 - Cannot read IP mode file for STMicroelectronics.FP-SNS-MOTENVWB1.1.4.0
2026-03-03 14:03:00,798 [WARN] PackLoader:240 - Cannot read IP mode file for STMicroelectronics.FP-ATR-ASTRA1.2.0.2
2026-03-03 14:03:00,803 [WARN] PackLoader:240 - Cannot read IP mode file for STMicroelectronics.X-CUBE-SMBUS.2.1.0
2026-03-03 14:03:00,815 [WARN] PackLoader:240 - Cannot read IP mode file for STMicroelectronics.X-CUBE-AZRTOS-F7.1.1.0
2026-03-03 14:03:00,821 [WARN] PackLoader:240 - Cannot read IP mode file for STMicroelectronics.FP-SNS-MOTENV1.5.1.0
2026-03-03 14:03:00,829 [WARN] PackLoader:240 - Cannot read IP mode file for WES.I-CUBE-Cesium.1.4.0
2026-03-03 14:03:00,914 [WARN] PackLoader:240 - Cannot read IP mode file for STMicroelectronics.X-CUBE-AZRTOS-H7.3.4.0
2026-03-03 14:03:00,989 [WARN] PackLoader:240 - Cannot read IP mode file for STMicroelectronics.X-CUBE-DISPLAY.3.0.0
2026-03-03 14:03:00,995 [WARN] PackLoader:240 - Cannot read IP mode file for STMicroelectronics.FP-SNS-MOTENVWB1.1.5.0
2026-03-03 14:03:01,001 [WARN] PackLoader:240 - Cannot read IP mode file for STMicroelectronics.X-CUBE-NFC10.1.0.0
2026-03-03 14:03:01,006 [WARN] PackLoader:240 - Cannot read IP mode file for STMicroelectronics.X-CUBE-ST60.1.1.0
2026-03-03 14:03:01,012 [WARN] PackLoader:240 - Cannot read IP mode file for emotas.I-CUBE-CANOPEN.1.3.0
2026-03-03 14:03:01,088 [WARN] PackLoader:240 - Cannot read IP mode file for STMicroelectronics.X-CUBE-GNSS1.7.1.0
2026-03-03 14:03:01,093 [WARN] PackLoader:240 - Cannot read IP mode file for STMicroelectronics.FP-SNS-STBOX1.2.1.0
2026-03-03 14:03:01,101 [WARN] PackLoader:240 - Cannot read IP mode file for STMicroelectronics.FP-SNS-SMARTAG2.1.2.0
2026-03-03 14:03:01,105 [WARN] PackLoader:240 - Cannot read IP mode file for STMicroelectronics.FP-SNS-FLIGHT1.5.1.0
2026-03-03 14:03:01,111 [INFO] LogOutputStream:77 - [STDOUT_REDIRECT] 1 : Invalid condition id : UX_CORESTACK_Condition cause : null
2026-03-03 14:03:01,112 [INFO] LogOutputStream:77 - [STDOUT_REDIRECT] 1 : Invalid condition id : UX_CORESTACK_Condition cause : null
2026-03-03 14:03:01,112 [INFO] LogOutputStream:77 - [STDOUT_REDIRECT] 1 : Invalid condition id : UX_CORESTACK_Condition cause : null
2026-03-03 14:03:01,114 [INFO] LogOutputStream:77 - [STDOUT_REDIRECT] 1 : Invalid condition id : UX_CORESTACK_Condition cause : null
2026-03-03 14:03:01,116 [INFO] LogOutputStream:77 - [STDOUT_REDIRECT] 1 : Invalid condition id : UX_CORESTACK_Condition cause : null
2026-03-03 14:03:01,116 [WARN] PackLoader:240 - Cannot read IP mode file for STMicroelectronics.X-CUBE-AZRTOS-WL.2.0.0
2026-03-03 14:03:01,129 [WARN] PackLoader:240 - Cannot read IP mode file for STMicroelectronics.X-CUBE-AZRTOS-H7RS.1.2.0
2026-03-03 14:03:01,133 [WARN] PackLoader:240 - Cannot read IP mode file for STMicroelectronics.X-CUBE-BLE2.3.3.0
2026-03-03 14:03:01,166 [WARN] PackLoader:240 - Cannot read IP mode file for Infineon.AIROC-Wi-Fi-Bluetooth-STM32.1.8.0
2026-03-03 14:03:01,174 [WARN] PackLoader:240 - Cannot read IP mode file for STMicroelectronics.X-CUBE-NFC9.1.0.0
2026-03-03 14:03:01,177 [WARN] PackLoader:240 - Cannot read IP mode file for STMicroelectronics.X-CUBE-BLE1.7.1.0
2026-03-03 14:03:01,181 [WARN] PackLoader:240 - Cannot read IP mode file for wolfSSL.I-CUBE-wolfMQTT.1.19.2
2026-03-03 14:03:01,186 [WARN] PackLoader:240 - Cannot read IP mode file for STMicroelectronics.X-CUBE-FREERTOS.1.4.0
2026-03-03 14:03:01,236 [ERROR] LogOutputStream:75 - [STDERR_REDIRECT] [Fatal Error] :1:1: Premature end of file.
2026-03-03 14:03:01,236 [ERROR] LogOutputStream:75 - [STDERR_REDIRECT] 
2026-03-03 14:03:01,264 [WARN] PackLoader:240 - Cannot read IP mode file for STMicroelectronics.X-CUBE-EEPRMA1.5.2.0
2026-03-03 14:03:01,266 [WARN] PackLoader:240 - Cannot read IP mode file for wolfSSL.I-CUBE-wolfSSL.5.8.4
2026-03-03 14:03:01,270 [WARN] PackLoader:240 - Cannot read IP mode file for Cesanta.I-CUBE-Mongoose.7.20.0
2026-03-03 14:03:01,301 [WARN] PackLoader:240 - Cannot read IP mode file for STMicroelectronics.X-CUBE-MEMS1.12.0.0
2026-03-03 14:03:01,463 [WARN] PackLoader:240 - Cannot read IP mode file for STMicroelectronics.X-CUBE-AZRTOS-G0.1.1.0
2026-03-03 14:03:01,469 [WARN] PackLoader:240 - Cannot read IP mode file for STMicroelectronics.X-CUBE-NFC4.3.0.0
2026-03-03 14:03:01,476 [WARN] PackLoader:240 - Cannot read IP mode file for EmbeddedOffice.I-CUBE-FS-RTOS.1.0.1
2026-03-03 14:03:01,550 [WARN] PackLoader:240 - Cannot read IP mode file for STMicroelectronics.X-CUBE-WB05N.2.0.0
2026-03-03 14:03:01,555 [WARN] PackLoader:240 - Cannot read IP mode file for wolfSSL.I-CUBE-wolfTPM.3.8.0
2026-03-03 14:03:01,559 [WARN] PackLoader:240 - Cannot read IP mode file for STMicroelectronics.X-CUBE-TCPP.4.2.0
2026-03-03 14:03:01,565 [WARN] PackLoader:240 - Cannot read IP mode file for RealThread.X-CUBE-RT-Thread_Nano.4.1.1
2026-03-03 14:03:01,569 [WARN] PackLoader:240 - Cannot read IP mode file for STMicroelectronics.FP-ATR-SIGFOX1.3.2.0
2026-03-03 14:03:01,572 [WARN] PackLoader:240 - Cannot read IP mode file for STMicroelectronics.X-CUBE-FREERTOS.1.5.0
2026-03-03 14:03:01,577 [WARN] PackLoader:240 - Cannot read IP mode file for ITTIA_DB.I-CUBE-ITTIADB.8.9.0
2026-03-03 14:03:01,582 [WARN] PackLoader:240 - Cannot read IP mode file for STMicroelectronics.X-CUBE-NFC6.3.2.0
2026-03-03 14:03:01,586 [WARN] PackLoader:240 - Cannot read IP mode file for STMicroelectronics.X-CUBE-AI.10.2.0
2026-03-03 14:03:01,605 [WARN] PackLoader:240 - Cannot read IP mode file for SEGGER.I-CUBE-embOS.1.3.1
2026-03-03 14:03:01,668 [WARN] PackLoader:240 - Cannot read IP mode file for STMicroelectronics.X-CUBE-ALGOBUILD.1.4.0
2026-03-03 14:03:01,672 [WARN] PackLoader:240 - Cannot read IP mode file for STMicroelectronics.X-CUBE-PM33A1.1.0.0
2026-03-03 14:03:01,681 [WARN] PackLoader:240 - Cannot read IP mode file for STMicroelectronics.X-CUBE-AZRTOS-F4.1.1.0
2026-03-03 14:03:01,688 [WARN] PackLoader:240 - Cannot read IP mode file for STMicroelectronics.X-CUBE-ISPU.2.1.0
2026-03-03 14:03:01,766 [WARN] PackLoader:240 - Cannot read IP mode file for STMicroelectronics.X-CUBE-IPS.3.2.0
2026-03-03 14:03:01,773 [WARN] PackLoader:240 - Cannot read IP mode file for STMicroelectronics.X-CUBE-NFC12.1.0.0
2026-03-03 14:03:01,856 [WARN] PackLoader:240 - Cannot read IP mode file for STMicroelectronics.X-CUBE-AZRTOS-L5.2.0.0
2026-03-03 14:03:01,860 [WARN] PackLoader:240 - Cannot read IP mode file for STMicroelectronics.X-CUBE-TOUCHGFX.4.26.0
2026-03-03 14:03:01,864 [WARN] PackLoader:240 - Cannot read IP mode file for STMicroelectronics.X-CUBE-TOUCHGFX.4.26.1
2026-03-03 14:03:01,866 [WARN] PackLoader:240 - Cannot read IP mode file for STMicroelectronics.FP-SNS-STAIOTCFT.1.0.0
2026-03-03 14:03:01,870 [WARN] PackLoader:240 - Cannot read IP mode file for STMicroelectronics.X-CUBE-DPower.1.3.0
2026-03-03 14:03:01,883 [WARN] ConditionMgr:438 - getConditionDescription Invalid condition id : LAN8742 Phy interface Condition cause : null
2026-03-03 14:03:01,883 [WARN] PackLoader:240 - Cannot read IP mode file for STMicroelectronics.X-CUBE-AZRTOS-L4.2.0.0
2026-03-03 14:03:01,885 [WARN] ConditionMgr:1044 - genDependencies : Invalid condition id : LAN8742 Phy interface Condition cause : null
2026-03-03 14:03:01,885 [WARN] ConditionMgr:1044 - genDependencies : Invalid condition id : LAN8742 Phy interface Condition cause : null
2026-03-03 14:03:01,885 [WARN] ConditionMgr:1044 - genDependencies : Invalid condition id : LAN8742 Phy interface Condition cause : null
2026-03-03 14:03:01,892 [WARN] PackLoader:240 - Cannot read IP mode file for STMicroelectronics.X-CUBE-SFXS2LP1.4.0.0
2026-03-03 14:03:01,967 [WARN] PackLoader:240 - Cannot read IP mode file for STMicroelectronics.X-CUBE-ST67W61.1.2.0
2026-03-03 14:03:02,047 [WARN] PackLoader:240 - Cannot read IP mode file for STMicroelectronics.X-CUBE-BLEMGR.4.1.0
2026-03-03 14:03:02,055 [WARN] ConditionMgr:438 - getConditionDescription Invalid condition id : UX DEVICE CLASS RTOS Condition cause : null
2026-03-03 14:03:02,055 [WARN] ConditionMgr:438 - getConditionDescription Invalid condition id : UX DEVICE CLASS RTOS Condition cause : null
2026-03-03 14:03:02,056 [WARN] PackLoader:240 - Cannot read IP mode file for STMicroelectronics.X-CUBE-AZRTOS-WB.2.0.0
2026-03-03 14:03:02,057 [WARN] ConditionMgr:1044 - genDependencies : Invalid condition id : UX DEVICE CLASS RTOS Condition cause : null
2026-03-03 14:03:02,057 [WARN] ConditionMgr:1044 - genDependencies : Invalid condition id : UX DEVICE CLASS RTOS Condition cause : null
2026-03-03 14:03:02,057 [WARN] ConditionMgr:1044 - genDependencies : Invalid condition id : UX DEVICE CLASS RTOS Condition cause : null
2026-03-03 14:03:02,057 [WARN] ConditionMgr:1044 - genDependencies : Invalid condition id : UX DEVICE CLASS RTOS Condition cause : null
2026-03-03 14:03:02,057 [WARN] ConditionMgr:1044 - genDependencies : Invalid condition id : UX DEVICE CLASS RTOS Condition cause : null
2026-03-03 14:03:02,127 [WARN] ConditionMgr:438 - getConditionDescription Invalid condition id : Cortex-A Device cause : null
2026-03-03 14:03:02,198 [WARN] ConditionMgr:1044 - genDependencies : Invalid condition id : Cortex-A Device cause : null
2026-03-03 14:03:02,198 [WARN] ConditionMgr:1044 - genDependencies : Invalid condition id : Cortex-A Device cause : null
2026-03-03 14:03:02,198 [WARN] ConditionMgr:1044 - genDependencies : Invalid condition id : Cortex-A Device cause : null
2026-03-03 14:03:02,200 [WARN] PackLoader:240 - Cannot read IP mode file for STMicroelectronics.X-CUBE-STSE01.2.0.0
2026-03-03 14:03:02,200 [WARN] PackLoader:240 - Cannot read IP mode file for STMicroelectronics.X-CUBE-SUBG2.5.0.0
2026-03-03 14:03:02,214 [WARN] PackLoader:240 - Cannot read IP mode file for STMicroelectronics.X-CUBE-AZRTOS-G4.2.0.0
2026-03-03 14:03:02,216 [WARN] PackLoader:240 - Cannot read IP mode file for wolfSSL.I-CUBE-wolfSSH.1.4.20
2026-03-03 14:03:02,220 [WARN] PackLoader:240 - Cannot read IP mode file for STMicroelectronics.X-CUBE-NFC7.2.0.0
2026-03-03 14:03:02,224 [WARN] PackLoader:240 - Cannot read IP mode file for STMicroelectronics.X-CUBE-ALS.1.0.2
2026-03-03 14:03:02,227 [WARN] PackLoader:240 - Cannot read IP mode file for STMicroelectronics.X-CUBE-TOF1.3.4.3
2026-03-03 14:03:02,236 [INFO] ThirdParty:978 - Integrity check success = true
2026-03-03 14:03:02,236 [INFO] IntegrityCheckThread:100 - exiting critical section [integrity check]
2026-03-03 14:03:02,236 [INFO] IntegrityCheckThread:103 - End integrity checks thread
2026-03-03 14:03:02,248 [ERROR] LogOutputStream:75 - [STDERR_REDIRECT] [Fatal Error] :1:1: Premature end of file.
2026-03-03 14:03:02,248 [ERROR] LogOutputStream:75 - [STDERR_REDIRECT] 
2026-03-03 14:03:03,236 [ERROR] LogOutputStream:75 - [STDERR_REDIRECT] [Fatal Error] :1:1: Premature end of file.
2026-03-03 14:03:03,236 [ERROR] LogOutputStream:75 - [STDERR_REDIRECT] 
2026-03-03 14:03:04,250 [ERROR] LogOutputStream:75 - [STDERR_REDIRECT] [Fatal Error] :1:1: Premature end of file.
2026-03-03 14:03:04,250 [ERROR] LogOutputStream:75 - [STDERR_REDIRECT] 
2026-03-03 14:03:05,236 [ERROR] LogOutputStream:75 - [STDERR_REDIRECT] [Fatal Error] :1:1: Premature end of file.
2026-03-03 14:03:05,236 [ERROR] LogOutputStream:75 - [STDERR_REDIRECT] 
2026-03-03 14:03:06,243 [ERROR] LogOutputStream:75 - [STDERR_REDIRECT] [Fatal Error] :1:1: Premature end of file.
2026-03-03 14:03:06,243 [ERROR] LogOutputStream:75 - [STDERR_REDIRECT] 
2026-03-03 14:03:07,237 [ERROR] LogOutputStream:75 - [STDERR_REDIRECT] [Fatal Error] :1:1: Premature end of file.
2026-03-03 14:03:07,237 [ERROR] LogOutputStream:75 - [STDERR_REDIRECT] 
2026-03-03 14:03:08,243 [ERROR] LogOutputStream:75 - [STDERR_REDIRECT] [Fatal Error] :1:1: Premature end of file.
2026-03-03 14:03:08,243 [ERROR] LogOutputStream:75 - [STDERR_REDIRECT] 
2026-03-03 14:03:09,243 [ERROR] LogOutputStream:75 - [STDERR_REDIRECT] [Fatal Error] :1:1: Premature end of file.
2026-03-03 14:03:09,243 [ERROR] LogOutputStream:75 - [STDERR_REDIRECT] 
2026-03-03 14:03:10,238 [ERROR] LogOutputStream:75 - [STDERR_REDIRECT] [Fatal Error] :1:1: Premature end of file.
2026-03-03 14:03:10,238 [ERROR] LogOutputStream:75 - [STDERR_REDIRECT] 
2026-03-03 14:03:11,248 [ERROR] LogOutputStream:75 - [STDERR_REDIRECT] [Fatal Error] :1:1: Premature end of file.
2026-03-03 14:03:11,248 [ERROR] LogOutputStream:75 - [STDERR_REDIRECT] 
2026-03-03 14:03:12,241 [ERROR] LogOutputStream:75 - [STDERR_REDIRECT] [Fatal Error] :1:1: Premature end of file.
2026-03-03 14:03:12,241 [ERROR] LogOutputStream:75 - [STDERR_REDIRECT] 
2026-03-03 14:03:13,240 [ERROR] LogOutputStream:75 - [STDERR_REDIRECT] [Fatal Error] :1:1: Premature end of file.
2026-03-03 14:03:13,241 [ERROR] LogOutputStream:75 - [STDERR_REDIRECT] 
2026-03-03 14:03:14,250 [ERROR] LogOutputStream:75 - [STDERR_REDIRECT] [Fatal Error] :1:1: Premature end of file.
2026-03-03 14:03:14,250 [ERROR] LogOutputStream:75 - [STDERR_REDIRECT] 
2026-03-03 14:03:15,253 [ERROR] LogOutputStream:75 - [STDERR_REDIRECT] [Fatal Error] :1:1: Premature end of file.
2026-03-03 14:03:15,253 [ERROR] LogOutputStream:75 - [STDERR_REDIRECT] 
2026-03-03 14:03:16,243 [ERROR] LogOutputStream:75 - [STDERR_REDIRECT] [Fatal Error] :1:1: Premature end of file.
2026-03-03 14:03:16,243 [ERROR] LogOutputStream:75 - [STDERR_REDIRECT] 
2026-03-03 14:03:17,239 [ERROR] LogOutputStream:75 - [STDERR_REDIRECT] [Fatal Error] :1:1: Premature end of file.
2026-03-03 14:03:17,240 [ERROR] LogOutputStream:75 - [STDERR_REDIRECT] 
2026-03-03 14:03:18,236 [ERROR] LogOutputStream:75 - [STDERR_REDIRECT] [Fatal Error] :1:1: Premature end of file.
2026-03-03 14:03:18,236 [ERROR] LogOutputStream:75 - [STDERR_REDIRECT] 
2026-03-03 14:03:19,238 [ERROR] LogOutputStream:75 - [STDERR_REDIRECT] [Fatal Error] :1:1: Premature end of file.
2026-03-03 14:03:19,238 [ERROR] LogOutputStream:75 - [STDERR_REDIRECT] 
2026-03-03 14:03:20,243 [ERROR] LogOutputStream:75 - [STDERR_REDIRECT] [Fatal Error] :1:1: Premature end of file.
2026-03-03 14:03:20,243 [ERROR] LogOutputStream:75 - [STDERR_REDIRECT] 
2026-03-03 14:03:21,252 [ERROR] LogOutputStream:75 - [STDERR_REDIRECT] [Fatal Error] :1:1: Premature end of file.
2026-03-03 14:03:21,252 [ERROR] LogOutputStream:75 - [STDERR_REDIRECT] 
2026-03-03 14:03:22,243 [ERROR] LogOutputStream:75 - [STDERR_REDIRECT] [Fatal Error] :1:1: Premature end of file.
2026-03-03 14:03:22,243 [ERROR] LogOutputStream:75 - [STDERR_REDIRECT] 
2026-03-03 14:03:23,238 [ERROR] LogOutputStream:75 - [STDERR_REDIRECT] [Fatal Error] :1:1: Premature end of file.
2026-03-03 14:03:23,238 [ERROR] LogOutputStream:75 - [STDERR_REDIRECT] 
2026-03-03 14:03:24,242 [ERROR] LogOutputStream:75 - [STDERR_REDIRECT] [Fatal Error] :1:1: Premature end of file.
2026-03-03 14:03:24,242 [ERROR] LogOutputStream:75 - [STDERR_REDIRECT] 
2026-03-03 14:03:25,240 [ERROR] LogOutputStream:75 - [STDERR_REDIRECT] [Fatal Error] :1:1: Premature end of file.
2026-03-03 14:03:25,240 [ERROR] LogOutputStream:75 - [STDERR_REDIRECT] 
2026-03-03 14:03:26,241 [ERROR] LogOutputStream:75 - [STDERR_REDIRECT] [Fatal Error] :1:1: Premature end of file.
2026-03-03 14:03:26,241 [ERROR] LogOutputStream:75 - [STDERR_REDIRECT] 
2026-03-03 14:03:27,238 [ERROR] LogOutputStream:75 - [STDERR_REDIRECT] [Fatal Error] :1:1: Premature end of file.
2026-03-03 14:03:27,238 [ERROR] LogOutputStream:75 - [STDERR_REDIRECT] 
2026-03-03 14:03:28,248 [ERROR] LogOutputStream:75 - [STDERR_REDIRECT] [Fatal Error] :1:1: Premature end of file.
2026-03-03 14:03:28,248 [ERROR] LogOutputStream:75 - [STDERR_REDIRECT] 
2026-03-03 14:03:29,239 [ERROR] LogOutputStream:75 - [STDERR_REDIRECT] [Fatal Error] :1:1: Premature end of file.
2026-03-03 14:03:29,239 [ERROR] LogOutputStream:75 - [STDERR_REDIRECT] 
2026-03-03 14:03:30,238 [ERROR] LogOutputStream:75 - [STDERR_REDIRECT] [Fatal Error] :1:1: Premature end of file.
2026-03-03 14:03:30,238 [ERROR] LogOutputStream:75 - [STDERR_REDIRECT] 
2026-03-03 14:03:31,237 [ERROR] LogOutputStream:75 - [STDERR_REDIRECT] [Fatal Error] :1:1: Premature end of file.
2026-03-03 14:03:31,237 [ERROR] LogOutputStream:75 - [STDERR_REDIRECT] 
2026-03-03 14:03:32,243 [ERROR] LogOutputStream:75 - [STDERR_REDIRECT] [Fatal Error] :1:1: Premature end of file.
2026-03-03 14:03:32,243 [ERROR] LogOutputStream:75 - [STDERR_REDIRECT] 
2026-03-03 14:03:33,245 [ERROR] LogOutputStream:75 - [STDERR_REDIRECT] [Fatal Error] :1:1: Premature end of file.
2026-03-03 14:03:33,248 [ERROR] LogOutputStream:75 - [STDERR_REDIRECT] 
2026-03-03 14:03:34,241 [ERROR] LogOutputStream:75 - [STDERR_REDIRECT] [Fatal Error] :1:1: Premature end of file.
2026-03-03 14:03:34,241 [ERROR] LogOutputStream:75 - [STDERR_REDIRECT] 
2026-03-03 14:03:35,238 [ERROR] LogOutputStream:75 - [STDERR_REDIRECT] [Fatal Error] :1:1: Premature end of file.
2026-03-03 14:03:35,238 [ERROR] LogOutputStream:75 - [STDERR_REDIRECT] 
2026-03-03 14:03:36,248 [ERROR] LogOutputStream:75 - [STDERR_REDIRECT] [Fatal Error] :1:1: Premature end of file.
2026-03-03 14:03:36,248 [ERROR] LogOutputStream:75 - [STDERR_REDIRECT] 
2026-03-03 14:03:37,238 [ERROR] LogOutputStream:75 - [STDERR_REDIRECT] [Fatal Error] :1:1: Premature end of file.
2026-03-03 14:03:37,238 [ERROR] LogOutputStream:75 - [STDERR_REDIRECT] 
2026-03-03 14:03:38,243 [ERROR] LogOutputStream:75 - [STDERR_REDIRECT] [Fatal Error] :1:1: Premature end of file.
2026-03-03 14:03:38,243 [ERROR] LogOutputStream:75 - [STDERR_REDIRECT] 
2026-03-03 14:03:39,243 [ERROR] LogOutputStream:75 - [STDERR_REDIRECT] [Fatal Error] :1:1: Premature end of file.
2026-03-03 14:03:39,243 [ERROR] LogOutputStream:75 - [STDERR_REDIRECT] 
2026-03-03 14:03:40,248 [ERROR] LogOutputStream:75 - [STDERR_REDIRECT] [Fatal Error] :1:1: Premature end of file.
2026-03-03 14:03:40,248 [ERROR] LogOutputStream:75 - [STDERR_REDIRECT] 
2026-03-03 14:03:41,238 [ERROR] LogOutputStream:75 - [STDERR_REDIRECT] [Fatal Error] :1:1: Premature end of file.
2026-03-03 14:03:41,238 [ERROR] LogOutputStream:75 - [STDERR_REDIRECT] 
2026-03-03 14:03:42,248 [ERROR] LogOutputStream:75 - [STDERR_REDIRECT] [Fatal Error] :1:1: Premature end of file.
2026-03-03 14:03:42,248 [ERROR] LogOutputStream:75 - [STDERR_REDIRECT] 
2026-03-03 14:03:43,243 [ERROR] LogOutputStream:75 - [STDERR_REDIRECT] [Fatal Error] :1:1: Premature end of file.
2026-03-03 14:03:43,243 [ERROR] LogOutputStream:75 - [STDERR_REDIRECT] 
2026-03-03 14:03:44,238 [ERROR] LogOutputStream:75 - [STDERR_REDIRECT] [Fatal Error] :1:1: Premature end of file.
2026-03-03 14:03:44,238 [ERROR] LogOutputStream:75 - [STDERR_REDIRECT] 
2026-03-03 14:03:45,248 [ERROR] LogOutputStream:75 - [STDERR_REDIRECT] [Fatal Error] :1:1: Premature end of file.
2026-03-03 14:03:45,248 [ERROR] LogOutputStream:75 - [STDERR_REDIRECT] 
2026-03-03 14:03:46,236 [ERROR] LogOutputStream:75 - [STDERR_REDIRECT] [Fatal Error] :1:1: Premature end of file.
2026-03-03 14:03:46,236 [ERROR] LogOutputStream:75 - [STDERR_REDIRECT] 
2026-03-03 14:03:47,237 [ERROR] LogOutputStream:75 - [STDERR_REDIRECT] [Fatal Error] :1:1: Premature end of file.
2026-03-03 14:03:47,237 [ERROR] LogOutputStream:75 - [STDERR_REDIRECT] 
2026-03-03 14:03:48,249 [ERROR] LogOutputStream:75 - [STDERR_REDIRECT] [Fatal Error] :1:1: Premature end of file.
2026-03-03 14:03:48,249 [ERROR] LogOutputStream:75 - [STDERR_REDIRECT] 
